<?xml version="1.0" encoding="UTF-8"?>
<testng-results skipped="0" failed="0" ignored="0" total="3" passed="3">
  <reporter-output>
  </reporter-output>
  <suite name="Default suite" duration-ms="281" started-at="2021-08-03T03:52:08 IST" finished-at="2021-08-03T03:52:08 IST">
    <groups>
    </groups>
    <test name="Default test" duration-ms="281" started-at="2021-08-03T03:52:08 IST" finished-at="2021-08-03T03:52:08 IST">
      <class name="Listener.TestNGDemo">
        <test-method status="PASS" signature="test1()[pri:0, instance:Listener.TestNGDemo@2173f6d9]" name="test1" duration-ms="43" started-at="2021-08-03T03:52:08 IST" finished-at="2021-08-03T03:52:08 IST">
          <reporter-output>
          </reporter-output>
        </test-method> <!-- test1 -->
        <test-method status="PASS" signature="test2()[pri:0, instance:Listener.TestNGDemo@2173f6d9]" name="test2" duration-ms="12" started-at="2021-08-03T03:52:08 IST" finished-at="2021-08-03T03:52:08 IST">
          <reporter-output>
          </reporter-output>
        </test-method> <!-- test2 -->
        <test-method status="PASS" signature="test3()[pri:0, instance:Listener.TestNGDemo@2173f6d9]" name="test3" duration-ms="6" started-at="2021-08-03T03:52:08 IST" finished-at="2021-08-03T03:52:08 IST">
          <reporter-output>
          </reporter-output>
        </test-method> <!-- test3 -->
      </class> <!-- Listener.TestNGDemo -->
    </test> <!-- Default test -->
  </suite> <!-- Default suite -->
</testng-results>
