<?xml version="1.0" encoding="UTF-8"?>
<!-- Generated by org.testng.reporters.JUnitXMLReporter -->
<testsuite hostname="DESKTOP-8V1FFTS" ignored="0" name="Default test" tests="3" failures="0" timestamp="2021-08-03T03:52:08 IST" time="0.281" errors="0">
  <testcase name="test1" time="0.043" classname="Listener.TestNGDemo"/>
  <testcase name="test2" time="0.012" classname="Listener.TestNGDemo"/>
  <testcase name="test3" time="0.006" classname="Listener.TestNGDemo"/>
</testsuite> <!-- Default test -->
